<?xml version="1.0" encoding="UTF-8"?>
<!-- Generated by org.testng.reporters.JUnitReportReporter -->
<testsuite hostname="PNM-050" failures="0" tests="1" name="newmaven.MavenReport" time="2.088" errors="0" timestamp="2022-10-10T15:43:38 IST" skipped="0">
  <testcase classname="newmaven.MavenReport" name="test" time="2.088"/>
  <system-out/>
</testsuite> <!-- newmaven.MavenReport -->
