<?xml version="1.0" encoding="UTF-8"?>
<!-- Generated by org.testng.reporters.JUnitReportReporter -->
<testsuite skipped="0" hostname="PNM-050" name="newmaven.MavenReport" tests="1" failures="0" timestamp="2022-10-10T16:04:31 IST" time="1.258" errors="0">
  <testcase name="test" time="1.258" classname="newmaven.MavenReport"/>
  <system-out/>
</testsuite> <!-- newmaven.MavenReport -->
